Starting audit...
[ERROR] /home/rohith/Documents/ADS-1/ADS-1_Assignments/m22/22.1 Ransom Note/SequentialSearchST.java:8:5: Missing a Javadoc comment. [JavadocVariable]
[ERROR] /home/rohith/Documents/ADS-1/ADS-1_Assignments/m22/22.1 Ransom Note/SequentialSearchST.java:9:5: Missing a Javadoc comment. [JavadocVariable]
[ERROR] /home/rohith/Documents/ADS-1/ADS-1_Assignments/m22/22.1 Ransom Note/SequentialSearchST.java:12: Missing a Javadoc comment. [JavadocType]
[ERROR] /home/rohith/Documents/ADS-1/ADS-1_Assignments/m22/22.1 Ransom Note/SequentialSearchST.java:13:9: Missing a Javadoc comment. [JavadocVariable]
[ERROR] /home/rohith/Documents/ADS-1/ADS-1_Assignments/m22/22.1 Ransom Note/SequentialSearchST.java:14:9: Missing a Javadoc comment. [JavadocVariable]
[ERROR] /home/rohith/Documents/ADS-1/ADS-1_Assignments/m22/22.1 Ransom Note/SequentialSearchST.java:15:9: Missing a Javadoc comment. [JavadocVariable]
[ERROR] /home/rohith/Documents/ADS-1/ADS-1_Assignments/m22/22.1 Ransom Note/SequentialSearchST.java:17:9: Missing a Javadoc comment. [JavadocMethod]
[ERROR] /home/rohith/Documents/ADS-1/ADS-1_Assignments/m22/22.1 Ransom Note/SequentialSearchST.java:17:9: Redundant 'public' modifier. [RedundantModifier]
[ERROR] /home/rohith/Documents/ADS-1/ADS-1_Assignments/m22/22.1 Ransom Note/SequentialSearchST.java:17:21: Parameter key should be final. [FinalParameters]
[ERROR] /home/rohith/Documents/ADS-1/ADS-1_Assignments/m22/22.1 Ransom Note/SequentialSearchST.java:17:25: 'key' hides a field. [HiddenField]
[ERROR] /home/rohith/Documents/ADS-1/ADS-1_Assignments/m22/22.1 Ransom Note/SequentialSearchST.java:17:30: Parameter val should be final. [FinalParameters]
[ERROR] /home/rohith/Documents/ADS-1/ADS-1_Assignments/m22/22.1 Ransom Note/SequentialSearchST.java:17:36: 'val' hides a field. [HiddenField]
[ERROR] /home/rohith/Documents/ADS-1/ADS-1_Assignments/m22/22.1 Ransom Note/SequentialSearchST.java:17:41: Parameter next should be final. [FinalParameters]
[ERROR] /home/rohith/Documents/ADS-1/ADS-1_Assignments/m22/22.1 Ransom Note/SequentialSearchST.java:17:46: 'next' hides a field. [HiddenField]
[ERROR] /home/rohith/Documents/ADS-1/ADS-1_Assignments/m22/22.1 Ransom Note/SequentialSearchST.java:67: 'if' construct must use '{}'s. [NeedBraces]
Audit done.
Checkstyle ends with 15 errors.
